[Storage] Error updating lab circle role: error: invalid input syntax for type integer: "NaN"
    at file:///home/runner/workspace/node_modules/@neondatabase/serverless/index.mjs:1345:74
    at process.processTicksAndRejections (node:internal/process/task_queues:95:5)
    at async NeonPreparedQuery.execute (/home/runner/workspace/node_modules/src/neon-serverless/session.ts:102:18)
    at async DatabaseStorage.updateLabCircleRole (/home/runner/workspace/server/storage.ts:2077:35)
    at async <anonymous> (/home/runner/workspace/server/routes/labRoutes.ts:429:30) {
  length: 146,
  severity: 'ERROR',
  code: '22P02',
  detail: undefined,
  hint: undefined,
  position: undefined,
  internalPosition: undefined,
  internalQuery: undefined,
  where: "unnamed portal parameter $3 = '...'",
  schema: undefined,
  table: undefined,
  column: undefined,
  dataType: undefined,
  constraint: undefined,
  file: 'numutils.c',
  line: '617',
  routine: 'pg_strtoint32_safe'
}
Error updating lab circle: error: invalid input syntax for type integer: "NaN"
    at file:///home/runner/workspace/node_modules/@neondatabase/serverless/index.mjs:1345:74
    at process.processTicksAndRejections (node:internal/process/task_queues:95:5)
    at async NeonPreparedQuery.execute (/home/runner/workspace/node_modules/src/neon-serverless/session.ts:102:18)
    at async DatabaseStorage.updateLabCircleRole (/home/runner/workspace/server/storage.ts:2077:35)
    at async <anonymous> (/home/runner/workspace/server/routes/labRoutes.ts:429:30) {
  length: 146,
  severity: 'ERROR',
  code: '22P02',
  detail: undefined,
  hint: undefined,
  position: undefined,
  internalPosition: undefined,
  internalQuery: undefined,
  where: "unnamed portal parameter $3 = '...'",
  schema: undefined,
  table: undefined,
  column: undefined,
  dataType: undefined,
  constraint: undefined,
  file: 'numutils.c',
  line: '617',
  routine: 'pg_strtoint32_safe'
}
9:38:39 PM [express] PATCH /api/labs/20/circles/undefined 500 in 236ms :: {"message":"Failed to updaâ€¦